   ▲ Next.js 15.2.4

   Creating an optimized production build ...
 ✓ Compiled successfully
   Skipping validation of types
   Skipping linting
   Collecting page data ...
   Generating static pages (0/4) ...
   Generating static pages (1/4) 
   Generating static pages (2/4) 
   Generating static pages (3/4) 
 ✓ Generating static pages (4/4)
   Finalizing page optimization ...
   Collecting build traces ...
   Exporting (0/3) ...
 ✓ Exporting (3/3)

Route (app)                                 Size  First Load JS
┌ ○ /                                      53 kB         154 kB
└ ○ /_not-found                            979 B         102 kB
+ First Load JS shared by all             101 kB
  ├ chunks/744843f8-18fc0986877e4662.js  53.2 kB
  ├ chunks/879-ad0777ac3748e7a8.js       46.1 kB
  └ other shared chunks (total)          2.05 kB


○  (Static)  prerendered as static content

